C:\Program Files\Microsoft Visual Studio\2022\Enterprise\MSBuild\Microsoft\VC\v170\Microsoft.CppBuild.targets(531,5): warning MSB8028: The intermediate directory (Debug\) contains files shared from another project (Win32SimpleSample.vcxproj).  This can lead to incorrect clean and rebuild behavior.
  Camera.cpp
\\stuhomeodd\HomeDrive7$\1802497\Desktop\CMP 405\Week 4\WFFC-Edit\WOFFCEdit\InputCommands.h(3,8): warning C4099: 'InputCommands': type name first seen using 'class' now seen using 'struct'
  (compiling source file 'Camera.cpp')
  \\stuhomeodd\HomeDrive7$\1802497\Desktop\CMP 405\Week 4\WFFC-Edit\WOFFCEdit\InputCommands.h(3,8):
  see declaration of 'InputCommands'
  
\\stuhomeodd\HomeDrive7$\1802497\Desktop\CMP 405\Week 4\WFFC-Edit\WOFFCEdit\Camera.cpp(63,28): warning C4244: '=': conversion from 'double' to 'float', possible loss of data
\\stuhomeodd\HomeDrive7$\1802497\Desktop\CMP 405\Week 4\WFFC-Edit\WOFFCEdit\Camera.cpp(64,28): warning C4244: '=': conversion from 'double' to 'float', possible loss of data
  DisplayChunk.cpp
\\stuhomeodd\HomeDrive7$\1802497\Desktop\CMP 405\Week 4\WFFC-Edit\WOFFCEdit\Camera.h(5,7): warning C4099: 'InputCommands': type name first seen using 'struct' now seen using 'class'
  (compiling source file 'DisplayChunk.cpp')
  \\stuhomeodd\HomeDrive7$\1802497\Desktop\CMP 405\Week 4\WFFC-Edit\WOFFCEdit\InputCommands.h(3,8):
  see declaration of 'InputCommands'
  
\\stuhomeodd\HomeDrive7$\1802497\Desktop\CMP 405\Week 4\WFFC-Edit\WOFFCEdit\DisplayChunk.cpp(14,27): warning C4305: '=': truncation from 'double' to 'float'
\\stuhomeodd\HomeDrive7$\1802497\Desktop\CMP 405\Week 4\WFFC-Edit\WOFFCEdit\DisplayChunk.cpp(15,49): warning C4244: '=': conversion from 'int' to 'float', possible loss of data
\\stuhomeodd\HomeDrive7$\1802497\Desktop\CMP 405\Week 4\WFFC-Edit\WOFFCEdit\DisplayChunk.cpp(74,185): warning C4244: 'argument': conversion from 'double' to 'float', possible loss of data
\\stuhomeodd\HomeDrive7$\1802497\Desktop\CMP 405\Week 4\WFFC-Edit\WOFFCEdit\DisplayChunk.cpp(74,81): warning C4244: 'argument': conversion from 'double' to 'float', possible loss of data
\\stuhomeodd\HomeDrive7$\1802497\Desktop\CMP 405\Week 4\WFFC-Edit\WOFFCEdit\DisplayChunk.cpp(94,10): warning C4996: 'fopen': This function or variable may be unsafe. Consider using fopen_s instead. To disable deprecation, use _CRT_SECURE_NO_WARNINGS. See online help for details.
\\stuhomeodd\HomeDrive7$\1802497\Desktop\CMP 405\Week 4\WFFC-Edit\WOFFCEdit\DisplayChunk.cpp(152,10): warning C4996: 'fopen': This function or variable may be unsafe. Consider using fopen_s instead. To disable deprecation, use _CRT_SECURE_NO_WARNINGS. See online help for details.
\\stuhomeodd\HomeDrive7$\1802497\Desktop\CMP 405\Week 4\WFFC-Edit\WOFFCEdit\DisplayChunk.cpp(189,30): warning C4101: 'index4': unreferenced local variable
\\stuhomeodd\HomeDrive7$\1802497\Desktop\CMP 405\Week 4\WFFC-Edit\WOFFCEdit\DisplayChunk.cpp(189,14): warning C4101: 'index2': unreferenced local variable
\\stuhomeodd\HomeDrive7$\1802497\Desktop\CMP 405\Week 4\WFFC-Edit\WOFFCEdit\DisplayChunk.cpp(189,22): warning C4101: 'index3': unreferenced local variable
\\stuhomeodd\HomeDrive7$\1802497\Desktop\CMP 405\Week 4\WFFC-Edit\WOFFCEdit\DisplayChunk.cpp(189,6): warning C4101: 'index1': unreferenced local variable
  Game.cpp
\\stuhomeodd\HomeDrive7$\1802497\Desktop\CMP 405\Week 4\WFFC-Edit\WOFFCEdit\Camera.h(5,7): warning C4099: 'InputCommands': type name first seen using 'struct' now seen using 'class'
  (compiling source file 'Game.cpp')
  \\stuhomeodd\HomeDrive7$\1802497\Desktop\CMP 405\Week 4\WFFC-Edit\WOFFCEdit\InputCommands.h(3,8):
  see declaration of 'InputCommands'
  
\\stuhomeodd\HomeDrive7$\1802497\Desktop\CMP 405\Week 4\WFFC-Edit\WOFFCEdit\Game.cpp(28,16): warning C4305: '=': truncation from 'double' to 'float'
\\stuhomeodd\HomeDrive7$\1802497\Desktop\CMP 405\Week 4\WFFC-Edit\WOFFCEdit\Game.cpp(274,57): warning C4244: 'argument': conversion from 'double' to 'float', possible loss of data
\\stuhomeodd\HomeDrive7$\1802497\Desktop\CMP 405\Week 4\WFFC-Edit\WOFFCEdit\Game.cpp(273,57): warning C4244: 'argument': conversion from 'double' to 'float', possible loss of data
\\stuhomeodd\HomeDrive7$\1802497\Desktop\CMP 405\Week 4\WFFC-Edit\WOFFCEdit\Game.cpp(272,97): warning C4244: 'argument': conversion from 'double' to 'float', possible loss of data
\\stuhomeodd\HomeDrive7$\1802497\Desktop\CMP 405\Week 4\WFFC-Edit\WOFFCEdit\Game.cpp(258,10): warning C4101: 'Buffer': unreferenced local variable
  MFCFrame.cpp
  _WIN32_WINNT not defined. Defaulting to _WIN32_WINNT_MAXVER (see WinSDKVer.h)
\\stuhomeodd\HomeDrive7$\1802497\Desktop\CMP 405\Week 4\WFFC-Edit\WOFFCEdit\Camera.h(5,7): warning C4099: 'InputCommands': type name first seen using 'struct' now seen using 'class'
  (compiling source file 'MFCFrame.cpp')
  \\stuhomeodd\HomeDrive7$\1802497\Desktop\CMP 405\Week 4\WFFC-Edit\WOFFCEdit\InputCommands.h(3,8):
  see declaration of 'InputCommands'
  
  MFCMain.cpp
  _WIN32_WINNT not defined. Defaulting to _WIN32_WINNT_MAXVER (see WinSDKVer.h)
\\stuhomeodd\HomeDrive7$\1802497\Desktop\CMP 405\Week 4\WFFC-Edit\WOFFCEdit\Camera.h(5,7): warning C4099: 'InputCommands': type name first seen using 'struct' now seen using 'class'
  (compiling source file 'MFCMain.cpp')
  \\stuhomeodd\HomeDrive7$\1802497\Desktop\CMP 405\Week 4\WFFC-Edit\WOFFCEdit\InputCommands.h(3,8):
  see declaration of 'InputCommands'
  
  Main.cpp
  _WIN32_WINNT not defined. Defaulting to _WIN32_WINNT_MAXVER (see WinSDKVer.h)
\\stuhomeodd\HomeDrive7$\1802497\Desktop\CMP 405\Week 4\WFFC-Edit\WOFFCEdit\Camera.h(5,7): warning C4099: 'InputCommands': type name first seen using 'struct' now seen using 'class'
  (compiling source file 'Main.cpp')
  \\stuhomeodd\HomeDrive7$\1802497\Desktop\CMP 405\Week 4\WFFC-Edit\WOFFCEdit\InputCommands.h(3,8):
  see declaration of 'InputCommands'
  
  ToolMain.cpp
  _WIN32_WINNT not defined. Defaulting to _WIN32_WINNT_MAXVER (see WinSDKVer.h)
\\stuhomeodd\HomeDrive7$\1802497\Desktop\CMP 405\Week 4\WFFC-Edit\WOFFCEdit\Camera.h(5,7): warning C4099: 'InputCommands': type name first seen using 'struct' now seen using 'class'
  (compiling source file 'ToolMain.cpp')
  \\stuhomeodd\HomeDrive7$\1802497\Desktop\CMP 405\Week 4\WFFC-Edit\WOFFCEdit\InputCommands.h(3,8):
  see declaration of 'InputCommands'
  
\\stuhomeodd\HomeDrive7$\1802497\Desktop\CMP 405\Week 4\WFFC-Edit\WOFFCEdit\ToolMain.cpp(91,46): warning C4244: '=': conversion from 'double' to 'float', possible loss of data
\\stuhomeodd\HomeDrive7$\1802497\Desktop\CMP 405\Week 4\WFFC-Edit\WOFFCEdit\ToolMain.cpp(92,46): warning C4244: '=': conversion from 'double' to 'float', possible loss of data
\\stuhomeodd\HomeDrive7$\1802497\Desktop\CMP 405\Week 4\WFFC-Edit\WOFFCEdit\ToolMain.cpp(93,46): warning C4244: '=': conversion from 'double' to 'float', possible loss of data
\\stuhomeodd\HomeDrive7$\1802497\Desktop\CMP 405\Week 4\WFFC-Edit\WOFFCEdit\ToolMain.cpp(94,46): warning C4244: '=': conversion from 'double' to 'float', possible loss of data
\\stuhomeodd\HomeDrive7$\1802497\Desktop\CMP 405\Week 4\WFFC-Edit\WOFFCEdit\ToolMain.cpp(95,46): warning C4244: '=': conversion from 'double' to 'float', possible loss of data
\\stuhomeodd\HomeDrive7$\1802497\Desktop\CMP 405\Week 4\WFFC-Edit\WOFFCEdit\ToolMain.cpp(96,46): warning C4244: '=': conversion from 'double' to 'float', possible loss of data
\\stuhomeodd\HomeDrive7$\1802497\Desktop\CMP 405\Week 4\WFFC-Edit\WOFFCEdit\ToolMain.cpp(97,46): warning C4244: '=': conversion from 'double' to 'float', possible loss of data
\\stuhomeodd\HomeDrive7$\1802497\Desktop\CMP 405\Week 4\WFFC-Edit\WOFFCEdit\ToolMain.cpp(98,46): warning C4244: '=': conversion from 'double' to 'float', possible loss of data
\\stuhomeodd\HomeDrive7$\1802497\Desktop\CMP 405\Week 4\WFFC-Edit\WOFFCEdit\ToolMain.cpp(99,46): warning C4244: '=': conversion from 'double' to 'float', possible loss of data
\\stuhomeodd\HomeDrive7$\1802497\Desktop\CMP 405\Week 4\WFFC-Edit\WOFFCEdit\ToolMain.cpp(111,48): warning C4244: '=': conversion from 'double' to 'float', possible loss of data
\\stuhomeodd\HomeDrive7$\1802497\Desktop\CMP 405\Week 4\WFFC-Edit\WOFFCEdit\ToolMain.cpp(112,48): warning C4244: '=': conversion from 'double' to 'float', possible loss of data
\\stuhomeodd\HomeDrive7$\1802497\Desktop\CMP 405\Week 4\WFFC-Edit\WOFFCEdit\ToolMain.cpp(113,48): warning C4244: '=': conversion from 'double' to 'float', possible loss of data
\\stuhomeodd\HomeDrive7$\1802497\Desktop\CMP 405\Week 4\WFFC-Edit\WOFFCEdit\ToolMain.cpp(117,48): warning C4244: '=': conversion from 'double' to 'float', possible loss of data
\\stuhomeodd\HomeDrive7$\1802497\Desktop\CMP 405\Week 4\WFFC-Edit\WOFFCEdit\ToolMain.cpp(118,47): warning C4244: '=': conversion from 'double' to 'float', possible loss of data
\\stuhomeodd\HomeDrive7$\1802497\Desktop\CMP 405\Week 4\WFFC-Edit\WOFFCEdit\ToolMain.cpp(119,42): warning C4244: '=': conversion from 'int' to 'float', possible loss of data
\\stuhomeodd\HomeDrive7$\1802497\Desktop\CMP 405\Week 4\WFFC-Edit\WOFFCEdit\ToolMain.cpp(123,50): warning C4244: '=': conversion from 'double' to 'int', possible loss of data
\\stuhomeodd\HomeDrive7$\1802497\Desktop\CMP 405\Week 4\WFFC-Edit\WOFFCEdit\ToolMain.cpp(124,50): warning C4244: '=': conversion from 'double' to 'int', possible loss of data
\\stuhomeodd\HomeDrive7$\1802497\Desktop\CMP 405\Week 4\WFFC-Edit\WOFFCEdit\ToolMain.cpp(134,57): warning C4244: '=': conversion from 'double' to 'float', possible loss of data
\\stuhomeodd\HomeDrive7$\1802497\Desktop\CMP 405\Week 4\WFFC-Edit\WOFFCEdit\ToolMain.cpp(135,57): warning C4244: '=': conversion from 'double' to 'float', possible loss of data
\\stuhomeodd\HomeDrive7$\1802497\Desktop\CMP 405\Week 4\WFFC-Edit\WOFFCEdit\ToolMain.cpp(136,57): warning C4244: '=': conversion from 'double' to 'float', possible loss of data
\\stuhomeodd\HomeDrive7$\1802497\Desktop\CMP 405\Week 4\WFFC-Edit\WOFFCEdit\ToolMain.cpp(137,58): warning C4244: '=': conversion from 'double' to 'float', possible loss of data
\\stuhomeodd\HomeDrive7$\1802497\Desktop\CMP 405\Week 4\WFFC-Edit\WOFFCEdit\ToolMain.cpp(138,58): warning C4244: '=': conversion from 'double' to 'float', possible loss of data
\\stuhomeodd\HomeDrive7$\1802497\Desktop\CMP 405\Week 4\WFFC-Edit\WOFFCEdit\ToolMain.cpp(139,58): warning C4244: '=': conversion from 'double' to 'float', possible loss of data
\\stuhomeodd\HomeDrive7$\1802497\Desktop\CMP 405\Week 4\WFFC-Edit\WOFFCEdit\ToolMain.cpp(140,59): warning C4244: '=': conversion from 'double' to 'float', possible loss of data
\\stuhomeodd\HomeDrive7$\1802497\Desktop\CMP 405\Week 4\WFFC-Edit\WOFFCEdit\ToolMain.cpp(141,56): warning C4244: '=': conversion from 'double' to 'float', possible loss of data
\\stuhomeodd\HomeDrive7$\1802497\Desktop\CMP 405\Week 4\WFFC-Edit\WOFFCEdit\ToolMain.cpp(142,54): warning C4244: '=': conversion from 'double' to 'float', possible loss of data
\\stuhomeodd\HomeDrive7$\1802497\Desktop\CMP 405\Week 4\WFFC-Edit\WOFFCEdit\ToolMain.cpp(143,57): warning C4244: '=': conversion from 'double' to 'float', possible loss of data
  Generating Code...
  Win32SimpleSample.vcxproj -> \\StuHomeOdd\HomeDrive7$\1802497\Desktop\CMP 405\Week 4\WFFC-Edit\WOFFCEdit\Debug\WoFEdit.exe
